<?xml version="1.0" encoding="UTF-8"?>
<testsuite name="ChattyBotTest" tests="1" skipped="0" failures="0" errors="0" timestamp="2021-10-01T16:06:16" hostname="DESKTOP-S3FA2DE" time="0.381">
  <properties/>
  <testcase name="start" classname="ChattyBotTest" time="0.381"/>
  <system-out><![CDATA[?[1;31m
Start test 1?[0m
Hello! My name is SimpleBot.
I was created in 2021.
Please, remind me your name.
> Marry
What a great name you have, Marry!
Let me guess your age.
Enter remainders of dividing your age by 3, 5 and 7.
> 1
> 0
> 5
Your age is 40; that's a good time to start programming!
Now I will prove to you that I can count to any number you want.
> 10
0!
1!
2!
3!
4!
5!
6!
7!
8!
9!
10!
Let's test your programming knowledge.
Which statement about variables is wrong?
1. They cant start with a number.
2. You can use numbers.
3. You have to use camelCase.
4. You don't have to instantly initialize a value to them.
> 1
Please, try again.
> 2
Please, try again.
> 3
Congratulations, have a nice day!
]]></system-out>
  <system-err><![CDATA[]]></system-err>
</testsuite>
